<?xml version="1.0" encoding="UTF-8"?>
<!-- Generated by org.testng.reporters.JUnitReportReporter -->
<testsuite skipped="0" hostname="DESKTOP-6AEVILI" name="Tests.Tests" tests="2" failures="0" timestamp="14 мая 2017 09:18:59 GMT" time="4.521" errors="0">
  <testcase name="test1" time="3.202" classname="Tests.Tests"/>
  <testcase name="test2" time="1.319" classname="Tests.Tests"/>
</testsuite> <!-- Tests.Tests -->
